kotlin version: 2.0.21
error message: org.jetbrains.kotlin.backend.common.BackendException: Backend Internal error: Exception during IR lowering
File being compiled: C:/Users/josem/Programming/Kotlin/AndroidProjects/Flows/app/src/main/java/com/luna/flows/MainActivity.kt
The root cause java.lang.RuntimeException was thrown at: org.jetbrains.kotlin.backend.jvm.codegen.FunctionCodegen.generate(FunctionCodegen.kt:47)
	at org.jetbrains.kotlin.backend.common.CodegenUtil.reportBackendException(CodegenUtil.kt:253)
	at org.jetbrains.kotlin.backend.common.CodegenUtil.reportBackendException$default(CodegenUtil.kt:236)
	at org.jetbrains.kotlin.backend.common.phaser.PerformByIrFilePhase.invokeSequential(performByIrFile.kt:65)
	at org.jetbrains.kotlin.backend.common.phaser.PerformByIrFilePhase.invoke(performByIrFile.kt:52)
	at org.jetbrains.kotlin.backend.common.phaser.PerformByIrFilePhase.invoke(performByIrFile.kt:38)
	at org.jetbrains.kotlin.backend.common.phaser.NamedCompilerPhase.phaseBody(CompilerPhase.kt:166)
	at org.jetbrains.kotlin.backend.common.phaser.AbstractNamedCompilerPhase.invoke(CompilerPhase.kt:113)
	at org.jetbrains.kotlin.backend.common.phaser.CompositePhase.invoke(PhaseBuilders.kt:27)
	at org.jetbrains.kotlin.backend.common.phaser.CompositePhase.invoke(PhaseBuilders.kt:14)
	at org.jetbrains.kotlin.backend.common.phaser.NamedCompilerPhase.phaseBody(CompilerPhase.kt:166)
	at org.jetbrains.kotlin.backend.common.phaser.AbstractNamedCompilerPhase.invoke(CompilerPhase.kt:113)
	at org.jetbrains.kotlin.backend.common.phaser.CompilerPhaseKt.invokeToplevel(CompilerPhase.kt:62)
	at org.jetbrains.kotlin.backend.jvm.JvmIrCodegenFactory.invokeCodegen(JvmIrCodegenFactory.kt:371)
	at org.jetbrains.kotlin.codegen.CodegenFactory.generateModule(CodegenFactory.kt:47)
	at org.jetbrains.kotlin.backend.jvm.JvmIrCodegenFactory.generateModuleInFrontendIRMode(JvmIrCodegenFactory.kt:433)
	at org.jetbrains.kotlin.cli.jvm.compiler.pipeline.JvmCompilerPipelineKt.generateCodeFromIr(jvmCompilerPipeline.kt:246)
	at org.jetbrains.kotlin.cli.jvm.compiler.pipeline.JvmCompilerPipelineKt.compileModulesUsingFrontendIrAndLightTree(jvmCompilerPipeline.kt:142)
	at org.jetbrains.kotlin.cli.jvm.K2JVMCompiler.doExecute(K2JVMCompiler.kt:148)
	at org.jetbrains.kotlin.cli.jvm.K2JVMCompiler.doExecute(K2JVMCompiler.kt:43)
	at org.jetbrains.kotlin.cli.common.CLICompiler.execImpl(CLICompiler.kt:103)
	at org.jetbrains.kotlin.cli.common.CLICompiler.execImpl(CLICompiler.kt:49)
	at org.jetbrains.kotlin.cli.common.CLITool.exec(CLITool.kt:101)
	at org.jetbrains.kotlin.incremental.IncrementalJvmCompilerRunner.runCompiler(IncrementalJvmCompilerRunner.kt:464)
	at org.jetbrains.kotlin.incremental.IncrementalJvmCompilerRunner.runCompiler(IncrementalJvmCompilerRunner.kt:73)
	at org.jetbrains.kotlin.incremental.IncrementalCompilerRunner.doCompile(IncrementalCompilerRunner.kt:506)
	at org.jetbrains.kotlin.incremental.IncrementalCompilerRunner.compileImpl(IncrementalCompilerRunner.kt:423)
	at org.jetbrains.kotlin.incremental.IncrementalCompilerRunner.tryCompileIncrementally$lambda$9$compile(IncrementalCompilerRunner.kt:249)
	at org.jetbrains.kotlin.incremental.IncrementalCompilerRunner.tryCompileIncrementally(IncrementalCompilerRunner.kt:267)
	at org.jetbrains.kotlin.incremental.IncrementalCompilerRunner.compile(IncrementalCompilerRunner.kt:120)
	at org.jetbrains.kotlin.daemon.CompileServiceImplBase.execIncrementalCompiler(CompileServiceImpl.kt:675)
	at org.jetbrains.kotlin.daemon.CompileServiceImplBase.access$execIncrementalCompiler(CompileServiceImpl.kt:92)
	at org.jetbrains.kotlin.daemon.CompileServiceImpl.compile(CompileServiceImpl.kt:1660)
	at java.base/jdk.internal.reflect.DirectMethodHandleAccessor.invoke(Unknown Source)
	at java.base/java.lang.reflect.Method.invoke(Unknown Source)
	at java.rmi/sun.rmi.server.UnicastServerRef.dispatch(Unknown Source)
	at java.rmi/sun.rmi.transport.Transport$1.run(Unknown Source)
	at java.rmi/sun.rmi.transport.Transport$1.run(Unknown Source)
	at java.base/java.security.AccessController.doPrivileged(Unknown Source)
	at java.rmi/sun.rmi.transport.Transport.serviceCall(Unknown Source)
	at java.rmi/sun.rmi.transport.tcp.TCPTransport.handleMessages(Unknown Source)
	at java.rmi/sun.rmi.transport.tcp.TCPTransport$ConnectionHandler.run0(Unknown Source)
	at java.rmi/sun.rmi.transport.tcp.TCPTransport$ConnectionHandler.lambda$run$0(Unknown Source)
	at java.base/java.security.AccessController.doPrivileged(Unknown Source)
	at java.rmi/sun.rmi.transport.tcp.TCPTransport$ConnectionHandler.run(Unknown Source)
	at java.base/java.util.concurrent.ThreadPoolExecutor.runWorker(Unknown Source)
	at java.base/java.util.concurrent.ThreadPoolExecutor$Worker.run(Unknown Source)
	at java.base/java.lang.Thread.run(Unknown Source)
Caused by: java.lang.RuntimeException: Exception while generating code for:
FUN name:onCreate visibility:protected modality:OPEN <> ($this:com.luna.flows.MainActivity, savedInstanceState:android.os.Bundle?) returnType:kotlin.Unit
  overridden:
    protected/*protected and package*/ open fun onCreate (p0: @[EnhancedNullability] android.os.Bundle?): kotlin.Unit [fake_override] declared in androidx.appcompat.app.AppCompatActivity
  $this: VALUE_PARAMETER name:<this> type:com.luna.flows.MainActivity
  VALUE_PARAMETER name:savedInstanceState index:0 type:android.os.Bundle?
  BLOCK_BODY
    CALL 'protected/*protected and package*/ open fun onCreate (p0: @[EnhancedNullability] android.os.Bundle?): kotlin.Unit [fake_override] declared in androidx.appcompat.app.AppCompatActivity' superQualifier='CLASS IR_EXTERNAL_JAVA_DECLARATION_STUB CLASS name:AppCompatActivity modality:OPEN visibility:public superTypes:[androidx.fragment.app.FragmentActivity; androidx.appcompat.app.AppCompatCallback; androidx.core.app.TaskStackBuilder.SupportParentable; androidx.appcompat.app.ActionBarDrawerToggle.DelegateProvider]' type=kotlin.Unit origin=null
      $this: GET_VAR '<this>: com.luna.flows.MainActivity declared in com.luna.flows.MainActivity.onCreate' type=com.luna.flows.MainActivity origin=null
      p0: GET_VAR 'savedInstanceState: android.os.Bundle? declared in com.luna.flows.MainActivity.onCreate' type=android.os.Bundle? origin=null
    SET_FIELD 'FIELD PROPERTY_BACKING_FIELD name:binding type:com.luna.flows.databinding.ActivityMainBinding? visibility:private' type=kotlin.Unit origin=null
      receiver: GET_VAR '<this>: com.luna.flows.MainActivity declared in com.luna.flows.MainActivity.onCreate' type=com.luna.flows.MainActivity origin=null
      value: CALL 'public open fun inflate (inflater: @[EnhancedNullability] android.view.LayoutInflater): @[EnhancedNullability] com.luna.flows.databinding.ActivityMainBinding declared in com.luna.flows.databinding.ActivityMainBinding' type=@[EnhancedNullability] com.luna.flows.databinding.ActivityMainBinding origin=null
        inflater: CALL 'public open fun getLayoutInflater (): @[EnhancedNullability] android.view.LayoutInflater [fake_override] declared in com.luna.flows.MainActivity' type=@[EnhancedNullability] android.view.LayoutInflater origin=GET_PROPERTY
          $this: GET_VAR '<this>: com.luna.flows.MainActivity declared in com.luna.flows.MainActivity.onCreate' type=com.luna.flows.MainActivity origin=null
    CALL 'public open fun setContentView (p0: @[EnhancedNullability] android.view.View?): kotlin.Unit [fake_override] declared in com.luna.flows.MainActivity' type=kotlin.Unit origin=null
      $this: GET_VAR '<this>: com.luna.flows.MainActivity declared in com.luna.flows.MainActivity.onCreate' type=com.luna.flows.MainActivity origin=null
      p0: CALL 'public open fun getRoot (): @[EnhancedNullability] androidx.coordinatorlayout.widget.CoordinatorLayout declared in com.luna.flows.databinding.ActivityMainBinding' type=@[EnhancedNullability] androidx.coordinatorlayout.widget.CoordinatorLayout origin=GET_PROPERTY
        $this: BLOCK type=com.luna.flows.databinding.ActivityMainBinding origin=FOLDED_ELVIS
          WHEN type=com.luna.flows.databinding.ActivityMainBinding origin=FOLDED_ELVIS
            BRANCH
              if: COMPOSITE type=kotlin.Boolean origin=null
                VAR IR_TEMPORARY_VARIABLE name:tmp0 type:com.luna.flows.databinding.ActivityMainBinding? [val]
                  GET_FIELD 'FIELD PROPERTY_BACKING_FIELD name:binding type:com.luna.flows.databinding.ActivityMainBinding? visibility:private' type=com.luna.flows.databinding.ActivityMainBinding? origin=null
                    receiver: GET_VAR '<this>: com.luna.flows.MainActivity declared in com.luna.flows.MainActivity.onCreate' type=com.luna.flows.MainActivity origin=null
                CALL 'public final fun not (): kotlin.Boolean [operator] declared in kotlin.Boolean' type=kotlin.Boolean origin=null
                  $this: CALL 'public final fun EQEQ (arg0: kotlin.Any?, arg1: kotlin.Any?): kotlin.Boolean declared in kotlin.internal.ir' type=kotlin.Boolean origin=null
                    arg0: GET_VAR 'val tmp0: com.luna.flows.databinding.ActivityMainBinding? [val] declared in com.luna.flows.MainActivity.onCreate' type=com.luna.flows.databinding.ActivityMainBinding? origin=null
                    arg1: CONST Null type=kotlin.Nothing? value=null
              then: GET_VAR 'val tmp0: com.luna.flows.databinding.ActivityMainBinding? [val] declared in com.luna.flows.MainActivity.onCreate' type=com.luna.flows.databinding.ActivityMainBinding? origin=null
            BRANCH
              if: CONST Boolean type=kotlin.Boolean value=true
              then: BLOCK type=kotlin.Unit origin=null
                CALL 'public final fun throwUninitializedPropertyAccessException (propertyName: kotlin.String): kotlin.Unit declared in kotlin.jvm.internal.Intrinsics' type=kotlin.Unit origin=null
                  propertyName: CONST String type=kotlin.String value="binding"
    CALL 'public final fun with <T, R> (receiver: T of kotlin.StandardKt.with, block: @[ExtensionFunctionType] kotlin.Function1<T of kotlin.StandardKt.with, R of kotlin.StandardKt.with>): R of kotlin.StandardKt.with [inline] declared in kotlin.StandardKt' type=kotlin.Unit origin=null
      <T>: com.luna.flows.databinding.ActivityMainBinding
      <R>: kotlin.Unit
      receiver: BLOCK type=com.luna.flows.databinding.ActivityMainBinding origin=FOLDED_ELVIS
        WHEN type=com.luna.flows.databinding.ActivityMainBinding origin=FOLDED_ELVIS
          BRANCH
            if: COMPOSITE type=kotlin.Boolean origin=null
              VAR IR_TEMPORARY_VARIABLE name:tmp0 type:com.luna.flows.databinding.ActivityMainBinding? [val]
                GET_FIELD 'FIELD PROPERTY_BACKING_FIELD name:binding type:com.luna.flows.databinding.ActivityMainBinding? visibility:private' type=com.luna.flows.databinding.ActivityMainBinding? origin=null
                  receiver: GET_VAR '<this>: com.luna.flows.MainActivity declared in com.luna.flows.MainActivity.onCreate' type=com.luna.flows.MainActivity origin=null
              CALL 'public final fun not (): kotlin.Boolean [operator] declared in kotlin.Boolean' type=kotlin.Boolean origin=null
                $this: CALL 'public final fun EQEQ (arg0: kotlin.Any?, arg1: kotlin.Any?): kotlin.Boolean declared in kotlin.internal.ir' type=kotlin.Boolean origin=null
                  arg0: GET_VAR 'val tmp0: com.luna.flows.databinding.ActivityMainBinding? [val] declared in com.luna.flows.MainActivity.onCreate' type=com.luna.flows.databinding.ActivityMainBinding? origin=null
                  arg1: CONST Null type=kotlin.Nothing? value=null
            then: GET_VAR 'val tmp0: com.luna.flows.databinding.ActivityMainBinding? [val] declared in com.luna.flows.MainActivity.onCreate' type=com.luna.flows.databinding.ActivityMainBinding? origin=null
          BRANCH
            if: CONST Boolean type=kotlin.Boolean value=true
            then: BLOCK type=kotlin.Unit origin=null
              CALL 'public final fun throwUninitializedPropertyAccessException (propertyName: kotlin.String): kotlin.Unit declared in kotlin.jvm.internal.Intrinsics' type=kotlin.Unit origin=null
                propertyName: CONST String type=kotlin.String value="binding"
      block: BLOCK type=@[ExtensionFunctionType] kotlin.Function1<com.luna.flows.databinding.ActivityMainBinding, kotlin.Unit> origin=LAMBDA
        COMPOSITE type=kotlin.Unit origin=null
        FUNCTION_REFERENCE 'private final fun onCreate$lambda$1 (): kotlin.Unit declared in com.luna.flows.MainActivity' type=@[ExtensionFunctionType] kotlin.Function1<com.luna.flows.databinding.ActivityMainBinding, kotlin.Unit> origin=INLINE_LAMBDA reflectionTarget=null
    COMPOSITE type=kotlin.Unit origin=null
      CALL 'public final fun launch$default (context: kotlin.coroutines.CoroutineContext?, start: kotlinx.coroutines.CoroutineStart?, block: @[ExtensionFunctionType] kotlin.coroutines.SuspendFunction1<kotlinx.coroutines.CoroutineScope, kotlin.Unit>, $mask0: kotlin.Int, $handler: kotlin.Any?): kotlinx.coroutines.Job declared in kotlinx.coroutines.BuildersKt' type=kotlinx.coroutines.Job origin=DEFAULT_DISPATCH_CALL
        $receiver: CALL 'public final fun <get-lifecycleScope> (): androidx.lifecycle.LifecycleCoroutineScope declared in androidx.lifecycle.LifecycleOwnerKt' type=androidx.lifecycle.LifecycleCoroutineScope origin=GET_PROPERTY
          $receiver: GET_VAR '<this>: com.luna.flows.MainActivity declared in com.luna.flows.MainActivity.onCreate' type=com.luna.flows.MainActivity origin=null
        context: COMPOSITE type=kotlin.coroutines.CoroutineContext? origin=DEFAULT_VALUE
          CONST Null type=kotlin.coroutines.CoroutineContext? value=null
        start: COMPOSITE type=kotlinx.coroutines.CoroutineStart? origin=DEFAULT_VALUE
          CONST Null type=kotlinx.coroutines.CoroutineStart? value=null
        block: BLOCK type=com.luna.flows.MainActivity.onCreate.<no name provided> origin=null
          CLASS SUSPEND_LAMBDA CLASS name:<no name provided> modality:FINAL visibility:public/*package*/ superTypes:[kotlin.coroutines.jvm.internal.SuspendLambda; kotlin.jvm.functions.Function2<kotlinx.coroutines.CoroutineScope, kotlin.coroutines.Continuation<kotlin.Unit>?, kotlin.Any?>]
            $this: VALUE_PARAMETER INSTANCE_RECEIVER name:<this> type:com.luna.flows.MainActivity.onCreate.<no name provided>
            FIELD name:label type:kotlin.Int visibility:public/*package*/
            CONSTRUCTOR SUSPEND_LAMBDA visibility:public/*package*/ <> (this$0:com.luna.flows.MainActivity, $completion:kotlin.coroutines.Continuation<com.luna.flows.MainActivity.onCreate.<no name provided>>?) returnType:com.luna.flows.MainActivity.onCreate.<no name provided> [primary]
              VALUE_PARAMETER BOUND_RECEIVER_PARAMETER name:this$0 index:0 type:com.luna.flows.MainActivity
              VALUE_PARAMETER name:$completion index:1 type:kotlin.coroutines.Continuation<com.luna.flows.MainActivity.onCreate.<no name provided>>?
              BLOCK_BODY
                SET_FIELD 'FIELD FIELD_FOR_CAPTURED_VALUE name:this$0 type:com.luna.flows.MainActivity visibility:public/*package*/ [final] declared in com.luna.flows.MainActivity.onCreate.<no name provided>' type=kotlin.Unit origin=INITIALIZER_OF_FIELD_FOR_CAPTURED_VALUE
                  receiver: GET_VAR '<this>: com.luna.flows.MainActivity.onCreate.<no name provided> declared in com.luna.flows.MainActivity.onCreate.<no name provided>' type=com.luna.flows.MainActivity.onCreate.<no name provided> origin=null
                  value: GET_VAR 'this$0: com.luna.flows.MainActivity declared in com.luna.flows.MainActivity.onCreate.<no name provided>.<init>' type=com.luna.flows.MainActivity origin=null
                DELEGATING_CONSTRUCTOR_CALL 'public constructor <init> (arity: kotlin.Int, $completion: kotlin.coroutines.Continuation<kotlin.Any?>?) declared in kotlin.coroutines.jvm.internal.SuspendLambda'
                  arity: CONST Int type=kotlin.Int value=2
                  $completion: GET_VAR '$completion: kotlin.coroutines.Continuation<com.luna.flows.MainActivity.onCreate.<no name provided>>? declared in com.luna.flows.MainActivity.onCreate.<no name provided>.<init>' type=kotlin.coroutines.Continuation<com.luna.flows.MainActivity.onCreate.<no name provided>>? origin=null
                BLOCK type=kotlin.Unit origin=null
            FUN name:invokeSuspend visibility:public modality:FINAL <> ($this:com.luna.flows.MainActivity.onCreate.<no name provided>, $result:kotlin.Result<kotlin.Any?>) returnType:kotlin.Any?
              overridden:
                protected abstract fun invokeSuspend ($result: kotlin.Result<kotlin.Any?>): kotlin.Any? declared in kotlin.coroutines.jvm.internal.SuspendLambda
              $this: VALUE_PARAMETER INSTANCE_RECEIVER name:<this> type:com.luna.flows.MainActivity.onCreate.<no name provided>
              VALUE_PARAMETER name:$result index:0 type:kotlin.Result<kotlin.Any?>
              BLOCK_BODY
                CALL 'public final fun access$setViewModel$p ($this: com.luna.flows.MainActivity, <set-?>: com.luna.flows.MainViewModel?): kotlin.Unit declared in com.luna.flows.MainActivity' type=kotlin.Unit origin=null
                  $this: GET_FIELD 'FIELD FIELD_FOR_CAPTURED_VALUE name:this$0 type:com.luna.flows.MainActivity visibility:public/*package*/ [final] declared in com.luna.flows.MainActivity.onCreate.<no name provided>' type=com.luna.flows.MainActivity origin=null
                    receiver: GET_VAR '<this>: com.luna.flows.MainActivity.onCreate.<no name provided> declared in com.luna.flows.MainActivity.onCreate.<no name provided>.invokeSuspend' type=com.luna.flows.MainActivity.onCreate.<no name provided> origin=null
                  <set-?>: CONSTRUCTOR_CALL 'public constructor <init> () [primary] declared in com.luna.flows.MainViewModel' type=com.luna.flows.MainViewModel origin=null
                CALL 'public abstract fun collect (collector: kotlinx.coroutines.flow.FlowCollector<T of kotlinx.coroutines.flow.Flow>, $completion: kotlin.coroutines.Continuation<kotlin.Unit>): kotlin.Any? [suspend] declared in kotlinx.coroutines.flow.Flow' type=kotlin.Unit origin=null
                  $this: CALL 'public final fun <get-countDownFlow> (): kotlinx.coroutines.flow.Flow<kotlin.Int> declared in com.luna.flows.MainViewModel' type=kotlinx.coroutines.flow.Flow<kotlin.Int> origin=GET_PROPERTY
                    $this: BLOCK type=com.luna.flows.MainViewModel origin=FOLDED_ELVIS
                      WHEN type=com.luna.flows.MainViewModel origin=FOLDED_ELVIS
                        BRANCH
                          if: COMPOSITE type=kotlin.Boolean origin=null
                            VAR IR_TEMPORARY_VARIABLE name:tmp0 type:com.luna.flows.MainViewModel? [val]
                              CALL 'public final fun access$getViewModel$p ($this: com.luna.flows.MainActivity): com.luna.flows.MainViewModel? declared in com.luna.flows.MainActivity' type=com.luna.flows.MainViewModel? origin=null
                                $this: GET_FIELD 'FIELD FIELD_FOR_CAPTURED_VALUE name:this$0 type:com.luna.flows.MainActivity visibility:public/*package*/ [final] declared in com.luna.flows.MainActivity.onCreate.<no name provided>' type=com.luna.flows.MainActivity origin=null
                                  receiver: GET_VAR '<this>: com.luna.flows.MainActivity.onCreate.<no name provided> declared in com.luna.flows.MainActivity.onCreate.<no name provided>.invokeSuspend' type=com.luna.flows.MainActivity.onCreate.<no name provided> origin=null
                            CALL 'public final fun not (): kotlin.Boolean [operator] declared in kotlin.Boolean' type=kotlin.Boolean origin=null
                              $this: CALL 'public final fun EQEQ (arg0: kotlin.Any?, arg1: kotlin.Any?): kotlin.Boolean declared in kotlin.internal.ir' type=kotlin.Boolean origin=null
                                arg0: GET_VAR 'val tmp0: com.luna.flows.MainViewModel? [val] declared in com.luna.flows.MainActivity.onCreate.<no name provided>.invokeSuspend' type=com.luna.flows.MainViewModel? origin=null
                                arg1: CONST Null type=kotlin.Nothing? value=null
                          then: GET_VAR 'val tmp0: com.luna.flows.MainViewModel? [val] declared in com.luna.flows.MainActivity.onCreate.<no name provided>.invokeSuspend' type=com.luna.flows.MainViewModel? origin=null
                        BRANCH
                          if: CONST Boolean type=kotlin.Boolean value=true
                          then: BLOCK type=kotlin.Unit origin=null
                            CALL 'public final fun throwUninitializedPropertyAccessException (propertyName: kotlin.String): kotlin.Unit declared in kotlin.jvm.internal.Intrinsics' type=kotlin.Unit origin=null
                              propertyName: CONST String type=kotlin.String value="viewModel"
                  collector: BLOCK type=com.luna.flows.MainActivity.onCreate.<no name provided>.invokeSuspend.<no name provided><T of com.luna.flows.MainActivity.onCreate.<no name provided>.invokeSuspend.<no name provided>> origin=null
                    CLASS LAMBDA_IMPL CLASS name:<no name provided> modality:FINAL visibility:public/*package*/ superTypes:[@[RawType] kotlinx.coroutines.flow.FlowCollector<T of kotlinx.coroutines.flow.FlowCollector>]
                      $this: VALUE_PARAMETER INSTANCE_RECEIVER name:<this> type:com.luna.flows.MainActivity.onCreate.<no name provided>.invokeSuspend.<no name provided><T of com.luna.flows.MainActivity.onCreate.<no name provided>.invokeSuspend.<no name provided>>
                      TYPE_PARAMETER name:T index:0 variance:in superTypes:[kotlin.Any?] reified:false
                      CONSTRUCTOR GENERATED_MEMBER_IN_CALLABLE_REFERENCE visibility:public/*package*/ <> (this$0:com.luna.flows.MainActivity) returnType:com.luna.flows.MainActivity.onCreate.<no name provided>.invokeSuspend.<no name provided><T of com.luna.flows.MainActivity.onCreate.<no name provided>.invokeSuspend.<no name provided>> [primary]
                        VALUE_PARAMETER BOUND_RECEIVER_PARAMETER name:this$0 index:0 type:com.luna.flows.MainActivity
                        BLOCK_BODY
                          SET_FIELD 'FIELD FIELD_FOR_CAPTURED_VALUE name:this$0 type:com.luna.flows.MainActivity visibility:public/*package*/ [final] declared in com.luna.flows.MainActivity.onCreate.<no name provided>.invokeSuspend.<no name provided>' type=kotlin.Unit origin=INITIALIZER_OF_FIELD_FOR_CAPTURED_VALUE
                            receiver: GET_VAR '<this>: com.luna.flows.MainActivity.onCreate.<no name provided>.invokeSuspend.<no name provided><T of com.luna.flows.MainActivity.onCreate.<no name provided>.invokeSuspend.<no name provided>> declared in com.luna.flows.MainActivity.onCreate.<no name provided>.invokeSuspend.<no name provided>' type=com.luna.flows.MainActivity.onCreate.<no name provided>.invokeSuspend.<no name provided><T of com.luna.flows.MainActivity.onCreate.<no name provided>.invokeSuspend.<no name provided>> origin=null
                            value: GET_VAR 'this$0: com.luna.flows.MainActivity declared in com.luna.flows.MainActivity.onCreate.<no name provided>.invokeSuspend.<no name provided>.<init>' type=com.luna.flows.MainActivity origin=null
                          DELEGATING_CONSTRUCTOR_CALL 'public constructor <init> () [primary] declared in kotlin.Any'
                          BLOCK type=kotlin.Unit origin=null
                      FUN name:emit visibility:public modality:FINAL <> ($this:com.luna.flows.MainActivity.onCreate.<no name provided>.invokeSuspend.<no name provided><T of com.luna.flows.MainActivity.onCreate.<no name provided>.invokeSuspend.<no name provided>>, time:kotlin.Int, $completion:kotlin.coroutines.Continuation<kotlin.Unit>) returnType:kotlin.Any? [suspend]
                        overridden:
                          public abstract fun emit (value: T of kotlinx.coroutines.flow.FlowCollector, $completion: kotlin.coroutines.Continuation<kotlin.Unit>): kotlin.Any? [suspend] declared in kotlinx.coroutines.flow.FlowCollector
                        $this: VALUE_PARAMETER INSTANCE_RECEIVER name:<this> type:com.luna.flows.MainActivity.onCreate.<no name provided>.invokeSuspend.<no name provided><T of com.luna.flows.MainActivity.onCreate.<no name provided>.invokeSuspend.<no name provided>>
                        VALUE_PARAMETER name:time index:0 type:kotlin.Int
                        VALUE_PARAMETER CONTINUATION_CLASS name:$completion index:1 type:kotlin.coroutines.Continuation<kotlin.Unit>
                        BLOCK_BODY
                          CLASS CONTINUATION_CLASS CLASS name:<Continuation> modality:FINAL visibility:public/*package*/ superTypes:[kotlin.coroutines.jvm.internal.ContinuationImpl]
                            $this: VALUE_PARAMETER INSTANCE_RECEIVER name:<this> type:com.luna.flows.MainActivity.onCreate.<no name provided>.invokeSuspend.<no name provided>.emit.<Continuation>
                            FIELD CONTINUATION_CLASS_RESULT_FIELD name:result type:kotlin.Result<kotlin.Any?> visibility:public/*package*/
                            FIELD FIELD_FOR_OUTER_THIS name:this$0 type:com.luna.flows.MainActivity.onCreate.<no name provided>.invokeSuspend.<no name provided><T of com.luna.flows.MainActivity.onCreate.<no name provided>.invokeSuspend.<no name provided>> visibility:public/*package*/ [final]
                            FIELD name:label type:kotlin.Int visibility:public/*package*/
                            CONSTRUCTOR visibility:public/*package*/ <> (this$0:com.luna.flows.MainActivity.onCreate.<no name provided>.invokeSuspend.<no name provided><T of com.luna.flows.MainActivity.onCreate.<no name provided>.invokeSuspend.<no name provided>>, $completion:kotlin.coroutines.Continuation<com.luna.flows.MainActivity.onCreate.<no name provided>.invokeSuspend.<no name provided>.emit.<Continuation>>?) returnType:com.luna.flows.MainActivity.onCreate.<no name provided>.invokeSuspend.<no name provided>.emit.<Continuation> [primary]
                              VALUE_PARAMETER name:this$0 index:0 type:com.luna.flows.MainActivity.onCreate.<no name provided>.invokeSuspend.<no name provided><T of com.luna.flows.MainActivity.onCreate.<no name provided>.invokeSuspend.<no name provided>>
                              VALUE_PARAMETER name:$completion index:1 type:kotlin.coroutines.Continuation<com.luna.flows.MainActivity.onCreate.<no name provided>.invokeSuspend.<no name provided>.emit.<Continuation>>?
                              BLOCK_BODY
                                SET_FIELD 'FIELD FIELD_FOR_OUTER_THIS name:this$0 type:com.luna.flows.MainActivity.onCreate.<no name provided>.invokeSuspend.<no name provided><T of com.luna.flows.MainActivity.onCreate.<no name provided>.invokeSuspend.<no name provided>> visibility:public/*package*/ [final] declared in com.luna.flows.MainActivity.onCreate.<no name provided>.invokeSuspend.<no name provided>.emit.<Continuation>' type=kotlin.Unit origin=null
                                  receiver: GET_VAR '<this>: com.luna.flows.MainActivity.onCreate.<no name provided>.invokeSuspend.<no name provided>.emit.<Continuation> declared in com.luna.flows.MainActivity.onCreate.<no name provided>.invokeSuspend.<no name provided>.emit.<Continuation>' type=com.luna.flows.MainActivity.onCreate.<no name provided>.invokeSuspend.<no name provided>.emit.<Continuation> origin=null
                                  value: GET_VAR 'this$0: com.luna.flows.MainActivity.onCreate.<no name provided>.invokeSuspend.<no name provided><T of com.luna.flows.MainActivity.onCreate.<no name provided>.invokeSuspend.<no name provided>> declared in com.luna.flows.MainActivity.onCreate.<no name provided>.invokeSuspend.<no name provided>.emit.<Continuation>.<init>' type=com.luna.flows.MainActivity.onCreate.<no name provided>.invokeSuspend.<no name provided><T of com.luna.flows.MainActivity.onCreate.<no name provided>.invokeSuspend.<no name provided>> origin=null
                                DELEGATING_CONSTRUCTOR_CALL 'public constructor <init> ($completion: kotlin.coroutines.Continuation<kotlin.Any?>?) declared in kotlin.coroutines.jvm.internal.ContinuationImpl'
                                  $completion: GET_VAR '$completion: kotlin.coroutines.Continuation<com.luna.flows.MainActivity.onCreate.<no name provided>.invokeSuspend.<no name provided>.emit.<Continuation>>? declared in com.luna.flows.MainActivity.onCreate.<no name provided>.invokeSuspend.<no name provided>.emit.<Continuation>.<init>' type=kotlin.coroutines.Continuation<com.luna.flows.MainActivity.onCreate.<no name provided>.invokeSuspend.<no name provided>.emit.<Continuation>>? origin=null
                            FUN name:invokeSuspend visibility:public modality:FINAL <> ($this:com.luna.flows.MainActivity.onCreate.<no name provided>.invokeSuspend.<no name provided>.emit.<Continuation>, $result:kotlin.Result<kotlin.Any?>) returnType:kotlin.Any?
                              overridden:
                                public abstract fun invokeSuspend ($result: kotlin.Result<kotlin.Any?>): kotlin.Any? declared in kotlin.coroutines.jvm.internal.ContinuationImpl
                              $this: VALUE_PARAMETER INSTANCE_RECEIVER name:<this> type:com.luna.flows.MainActivity.onCreate.<no name provided>.invokeSuspend.<no name provided>.emit.<Continuation>
                              VALUE_PARAMETER name:$result index:0 type:kotlin.Result<kotlin.Any?>
                              BLOCK_BODY
                                SET_FIELD 'FIELD CONTINUATION_CLASS_RESULT_FIELD name:result type:kotlin.Result<kotlin.Any?> visibility:public/*package*/ declared in com.luna.flows.MainActivity.onCreate.<no name provided>.invokeSuspend.<no name provided>.emit.<Continuation>' type=kotlin.Unit origin=null
                                  receiver: GET_VAR '<this>: com.luna.flows.MainActivity.onCreate.<no name provided>.invokeSuspend.<no name provided>.emit.<Continuation> declared in com.luna.flows.MainActivity.onCreate.<no name provided>.invokeSuspend.<no name provided>.emit.<Continuation>.invokeSuspend' type=com.luna.flows.MainActivity.onCreate.<no name provided>.invokeSuspend.<no name provided>.emit.<Continuation> origin=null
                                  value: GET_VAR '$result: kotlin.Result<kotlin.Any?> declared in com.luna.flows.MainActivity.onCreate.<no name provided>.invokeSuspend.<no name provided>.emit.<Continuation>.invokeSuspend' type=kotlin.Result<kotlin.Any?> origin=null
                                SET_FIELD 'FIELD name:label type:kotlin.Int visibility:public/*package*/ declared in com.luna.flows.MainActivity.onCreate.<no name provided>.invokeSuspend.<no name provided>.emit.<Continuation>' type=kotlin.Unit origin=null
                                  receiver: GET_VAR '<this>: com.luna.flows.MainActivity.onCreate.<no name provided>.invokeSuspend.<no name provided>.emit.<Continuation> declared in com.luna.flows.MainActivity.onCreate.<no name provided>.invokeSuspend.<no name provided>.emit.<Continuation>.invokeSuspend' type=com.luna.flows.MainActivity.onCreate.<no name provided>.invokeSuspend.<no name provided>.emit.<Continuation> origin=null
                                  value: CALL 'public final fun or (other: kotlin.Int): kotlin.Int [infix] declared in kotlin.Int' type=kotlin.Int origin=null
                                    $this: GET_FIELD 'FIELD name:label type:kotlin.Int visibility:public/*package*/ declared in com.luna.flows.MainActivity.onCreate.<no name provided>.invokeSuspend.<no name provided>.emit.<Continuation>' type=kotlin.Int origin=null
                                      receiver: GET_VAR '<this>: com.luna.flows.MainActivity.onCreate.<no name provided>.invokeSuspend.<no name provided>.emit.<Continuation> declared in com.luna.flows.MainActivity.onCreate.<no name provided>.invokeSuspend.<no name provided>.emit.<Continuation>.invokeSuspend' type=com.luna.flows.MainActivity.onCreate.<no name provided>.invokeSuspend.<no name provided>.emit.<Continuation> origin=null
                                    other: CONST Int type=kotlin.Int value=-2147483648
                                RETURN type=kotlin.Nothing from='public final fun invokeSuspend ($result: kotlin.Result<kotlin.Any?>): kotlin.Any? declared in com.luna.flows.MainActivity.onCreate.<no name provided>.invokeSuspend.<no name provided>.emit.<Continuation>'
                                  CALL 'public final fun emit (time: kotlin.Int, $completion: kotlin.coroutines.Continuation<kotlin.Unit>): kotlin.Any? [suspend] declared in com.luna.flows.MainActivity.onCreate.<no name provided>.invokeSuspend.<no name provided>' type=kotlin.Any? origin=null
                                    $this: GET_FIELD 'FIELD FIELD_FOR_OUTER_THIS name:this$0 type:com.luna.flows.MainActivity.onCreate.<no name provided>.invokeSuspend.<no name provided><T of com.luna.flows.MainActivity.onCreate.<no name provided>.invokeSuspend.<no name provided>> visibility:public/*package*/ [final] declared in com.luna.flows.MainActivity.onCreate.<no name provided>.invokeSuspend.<no name provided>.emit.<Continuation>' type=com.luna.flows.MainActivity.onCreate.<no name provided>.invokeSuspend.<no name provided><T of com.luna.flows.MainActivity.onCreate.<no name provided>.invokeSuspend.<no name provided>> origin=null
                                      receiver: GET_VAR '<this>: com.luna.flows.MainActivity.onCreate.<no name provided>.invokeSuspend.<no name provided>.emit.<Continuation> declared in com.luna.flows.MainActivity.onCreate.<no name provided>.invokeSuspend.<no name provided>.emit.<Continuation>.invokeSuspend' type=com.luna.flows.MainActivity.onCreate.<no name provided>.invokeSuspend.<no name provided>.emit.<Continuation> origin=null
                                    time: CONST Int type=kotlin.Int value=0
                                    $completion: GET_VAR '<this>: com.luna.flows.MainActivity.onCreate.<no name provided>.invokeSuspend.<no name provided>.emit.<Continuation> declared in com.luna.flows.MainActivity.onCreate.<no name provided>.invokeSuspend.<no name provided>.emit.<Continuation>.invokeSuspend' type=com.luna.flows.MainActivity.onCreate.<no name provided>.invokeSuspend.<no name provided>.emit.<Continuation> origin=null
                          CALL 'public final fun setText (p0: @[FlexibleNullability] kotlin.CharSequence?): kotlin.Unit declared in android.widget.TextView' type=kotlin.Unit origin=EQ
                            $this: GET_FIELD 'FIELD IR_EXTERNAL_JAVA_DECLARATION_STUB name:textView type:@[EnhancedNullability] android.widget.TextView visibility:public [final] declared in com.luna.flows.databinding.ActivityMainBinding' type=@[EnhancedNullability] android.widget.TextView superQualifierSymbol=com.luna.flows.databinding.ActivityMainBinding origin=null
                              receiver: BLOCK type=com.luna.flows.databinding.ActivityMainBinding origin=FOLDED_ELVIS
                                WHEN type=com.luna.flows.databinding.ActivityMainBinding origin=FOLDED_ELVIS
                                  BRANCH
                                    if: COMPOSITE type=kotlin.Boolean origin=null
                                      VAR IR_TEMPORARY_VARIABLE name:tmp0 type:com.luna.flows.databinding.ActivityMainBinding? [val]
                                        CALL 'public final fun access$getBinding$p ($this: com.luna.flows.MainActivity): com.luna.flows.databinding.ActivityMainBinding? declared in com.luna.flows.MainActivity' type=com.luna.flows.databinding.ActivityMainBinding? origin=null
                                          $this: GET_FIELD 'FIELD FIELD_FOR_CAPTURED_VALUE name:this$0 type:com.luna.flows.MainActivity visibility:public/*package*/ [final] declared in com.luna.flows.MainActivity.onCreate.<no name provided>.invokeSuspend.<no name provided>' type=com.luna.flows.MainActivity origin=null
                                            receiver: GET_VAR '<this>: com.luna.flows.MainActivity.onCreate.<no name provided>.invokeSuspend.<no name provided><T of com.luna.flows.MainActivity.onCreate.<no name provided>.invokeSuspend.<no name provided>> declared in com.luna.flows.MainActivity.onCreate.<no name provided>.invokeSuspend.<no name provided>.emit' type=com.luna.flows.MainActivity.onCreate.<no name provided>.invokeSuspend.<no name provided><T of com.luna.flows.MainActivity.onCreate.<no name provided>.invokeSuspend.<no name provided>> origin=null
                                      CALL 'public final fun not (): kotlin.Boolean [operator] declared in kotlin.Boolean' type=kotlin.Boolean origin=null
                                        $this: CALL 'public final fun EQEQ (arg0: kotlin.Any?, arg1: kotlin.Any?): kotlin.Boolean declared in kotlin.internal.ir' type=kotlin.Boolean origin=null
                                          arg0: GET_VAR 'val tmp0: com.luna.flows.databinding.ActivityMainBinding? [val] declared in com.luna.flows.MainActivity.onCreate.<no name provided>.invokeSuspend.<no name provided>.emit' type=com.luna.flows.databinding.ActivityMainBinding? origin=null
                                          arg1: CONST Null type=kotlin.Nothing? value=null
                                    then: GET_VAR 'val tmp0: com.luna.flows.databinding.ActivityMainBinding? [val] declared in com.luna.flows.MainActivity.onCreate.<no name provided>.invokeSuspend.<no name provided>.emit' type=com.luna.flows.databinding.ActivityMainBinding? origin=null
                                  BRANCH
                                    if: CONST Boolean type=kotlin.Boolean value=true
                                    then: BLOCK type=kotlin.Unit origin=null
                                      CALL 'public final fun throwUninitializedPropertyAccessException (propertyName: kotlin.String): kotlin.Unit declared in kotlin.jvm.internal.Intrinsics' type=kotlin.Unit origin=null
                                        propertyName: CONST String type=kotlin.String value="binding"
                            p0: CALL 'public final fun valueOf (value: kotlin.Int): kotlin.String declared in java.lang.String' type=kotlin.String origin=null
                              value: GET_VAR 'time: kotlin.Int declared in com.luna.flows.MainActivity.onCreate.<no name provided>.invokeSuspend.<no name provided>.emit' type=kotlin.Int origin=null
                      FUN FAKE_OVERRIDE name:equals visibility:public modality:OPEN <> ($this:kotlin.Any, other:kotlin.Any?) returnType:kotlin.Boolean [fake_override,operator]
                        overridden:
                          public open fun equals (other: kotlin.Any?): kotlin.Boolean [fake_override,operator] declared in kotlinx.coroutines.flow.FlowCollector
                        $this: VALUE_PARAMETER name:<this> type:kotlin.Any
                        VALUE_PARAMETER name:other index:0 type:kotlin.Any?
                      FUN FAKE_OVERRIDE name:hashCode visibility:public modality:OPEN <> ($this:kotlin.Any) returnType:kotlin.Int [fake_override]
                        overridden:
                          public open fun hashCode (): kotlin.Int [fake_override] declared in kotlinx.coroutines.flow.FlowCollector
                        $this: VALUE_PARAMETER name:<this> type:kotlin.Any
                      FUN FAKE_OVERRIDE name:toString visibility:public modality:OPEN <> ($this:kotlin.Any) returnType:kotlin.String [fake_override]
                        overridden:
                          public open fun toString (): kotlin.String [fake_override] declared in kotlinx.coroutines.flow.FlowCollector
                        $this: VALUE_PARAMETER name:<this> type:kotlin.Any
                      FIELD FIELD_FOR_CAPTURED_VALUE name:this$0 type:com.luna.flows.MainActivity visibility:public/*package*/ [final]
                      FUN BRIDGE name:emit visibility:public modality:OPEN <> ($this:com.luna.flows.MainActivity.onCreate.<no name provided>.invokeSuspend.<no name provided><T of com.luna.flows.MainActivity.onCreate.<no name provided>.invokeSuspend.<no name provided>>, value:kotlin.Any?, $completion:kotlin.coroutines.Continuation<kotlin.Unit>) returnType:kotlin.Any? [suspend]
                        $this: VALUE_PARAMETER INSTANCE_RECEIVER name:<this> type:com.luna.flows.MainActivity.onCreate.<no name provided>.invokeSuspend.<no name provided><T of com.luna.flows.MainActivity.onCreate.<no name provided>.invokeSuspend.<no name provided>>
                        VALUE_PARAMETER BRIDGE name:value index:0 type:kotlin.Any?
                        VALUE_PARAMETER BRIDGE name:$completion index:1 type:kotlin.coroutines.Continuation<kotlin.Unit>
                        EXPRESSION_BODY
                          RETURN type=kotlin.Nothing from='public open fun emit (value: kotlin.Any?, $completion: kotlin.coroutines.Continuation<kotlin.Unit>): kotlin.Any? [suspend] declared in com.luna.flows.MainActivity.onCreate.<no name provided>.invokeSuspend.<no name provided>'
                            CALL 'public final fun emit (time: kotlin.Int, $completion: kotlin.coroutines.Continuation<kotlin.Unit>): kotlin.Any? [suspend] declared in com.luna.flows.MainActivity.onCreate.<no name provided>.invokeSuspend.<no name provided>' type=kotlin.Any? origin=BRIDGE_DELEGATION
                              $this: GET_VAR '<this>: com.luna.flows.MainActivity.onCreate.<no name provided>.invokeSuspend.<no name provided><T of com.luna.flows.MainActivity.onCreate.<no name provided>.invokeSuspend.<no name provided>> declared in com.luna.flows.MainActivity.onCreate.<no name provided>.invokeSuspend.<no name provided>.emit' type=com.luna.flows.MainActivity.onCreate.<no name provided>.invokeSuspend.<no name provided><T of com.luna.flows.MainActivity.onCreate.<no name provided>.invokeSuspend.<no name provided>> origin=null
                              time: TYPE_OP type=kotlin.Int origin=IMPLICIT_CAST typeOperand=kotlin.Int
                                GET_VAR 'value: kotlin.Any? declared in com.luna.flows.MainActivity.onCreate.<no name provided>.invokeSuspend.<no name provided>.emit' type=kotlin.Any? origin=null
                              $completion: TYPE_OP type=kotlin.coroutines.Continuation<*> origin=IMPLICIT_CAST typeOperand=kotlin.coroutines.Continuation<*>
                                GET_VAR '$completion: kotlin.coroutines.Continuation<kotlin.Unit> declared in com.luna.flows.MainActivity.onCreate.<no name provided>.invokeSuspend.<no name provided>.emit' type=kotlin.coroutines.Continuation<kotlin.Unit> origin=null
                    CONSTRUCTOR_CALL 'public/*package*/ constructor <init> (this$0: com.luna.flows.MainActivity) [primary] declared in com.luna.flows.MainActivity.onCreate.<no name provided>.invokeSuspend.<no name provided>' type=com.luna.flows.MainActivity.onCreate.<no name provided>.invokeSuspend.<no name provided><T of com.luna.flows.MainActivity.onCreate.<no name provided>.invokeSuspend.<no name provided>> origin=null
                      <class: T>: <none>
                      this$0: GET_FIELD 'FIELD FIELD_FOR_CAPTURED_VALUE name:this$0 type:com.luna.flows.MainActivity visibility:public/*package*/ [final] declared in com.luna.flows.MainActivity.onCreate.<no name provided>' type=com.luna.flows.MainActivity origin=null
                        receiver: GET_VAR '<this>: com.luna.flows.MainActivity.onCreate.<no name provided> declared in com.luna.flows.MainActivity.onCreate.<no name provided>.invokeSuspend' type=com.luna.flows.MainActivity.onCreate.<no name provided> origin=null
                  $completion: GET_VAR '<this>: com.luna.flows.MainActivity.onCreate.<no name provided> declared in com.luna.flows.MainActivity.onCreate.<no name provided>.invokeSuspend' type=com.luna.flows.MainActivity.onCreate.<no name provided> origin=null
            FUN name:create visibility:public modality:FINAL <> ($this:com.luna.flows.MainActivity.onCreate.<no name provided>, value:kotlin.Any?, $completion:kotlin.coroutines.Continuation<kotlin.Nothing>) returnType:kotlin.coroutines.Continuation<kotlin.Unit>
              overridden:
                public open fun create (value: kotlin.Any?, $completion: kotlin.coroutines.Continuation<kotlin.Nothing>): kotlin.coroutines.Continuation<kotlin.Unit> declared in kotlin.coroutines.jvm.internal.SuspendLambda
              $this: VALUE_PARAMETER INSTANCE_RECEIVER name:<this> type:com.luna.flows.MainActivity.onCreate.<no name provided>
              VALUE_PARAMETER name:value index:0 type:kotlin.Any?
              VALUE_PARAMETER name:$completion index:1 type:kotlin.coroutines.Continuation<kotlin.Nothing>
              BLOCK_BODY
                RETURN type=kotlin.Nothing from='public final fun create (value: kotlin.Any?, $completion: kotlin.coroutines.Continuation<kotlin.Nothing>): kotlin.coroutines.Continuation<kotlin.Unit> declared in com.luna.flows.MainActivity.onCreate.<no name provided>'
                  CONSTRUCTOR_CALL 'public/*package*/ constructor <init> (this$0: com.luna.flows.MainActivity, $completion: kotlin.coroutines.Continuation<com.luna.flows.MainActivity.onCreate.<no name provided>>?) [primary] declared in com.luna.flows.MainActivity.onCreate.<no name provided>' type=com.luna.flows.MainActivity.onCreate.<no name provided> origin=null
                    this$0: GET_FIELD 'FIELD FIELD_FOR_CAPTURED_VALUE name:this$0 type:com.luna.flows.MainActivity visibility:public/*package*/ [final] declared in com.luna.flows.MainActivity.onCreate.<no name provided>' type=com.luna.flows.MainActivity origin=null
                      receiver: GET_VAR '<this>: com.luna.flows.MainActivity.onCreate.<no name provided> declared in com.luna.flows.MainActivity.onCreate.<no name provided>.create' type=com.luna.flows.MainActivity.onCreate.<no name provided> origin=null
                    $completion: GET_VAR '$completion: kotlin.coroutines.Continuation<kotlin.Nothing> declared in com.luna.flows.MainActivity.onCreate.<no name provided>.create' type=kotlin.coroutines.Continuation<kotlin.Nothing> origin=null
            FUN name:invoke visibility:public modality:FINAL <> ($this:com.luna.flows.MainActivity.onCreate.<no name provided>, p1:kotlinx.coroutines.CoroutineScope, p2:kotlin.coroutines.Continuation<kotlin.Unit>?) returnType:kotlin.Any?
              overridden:
                public abstract fun invoke (p1: P1 of kotlin.jvm.functions.Function2, p2: P2 of kotlin.jvm.functions.Function2): R of kotlin.jvm.functions.Function2 declared in kotlin.jvm.functions.Function2
              $this: VALUE_PARAMETER INSTANCE_RECEIVER name:<this> type:com.luna.flows.MainActivity.onCreate.<no name provided>
              VALUE_PARAMETER name:p1 index:0 type:kotlinx.coroutines.CoroutineScope
              VALUE_PARAMETER name:p2 index:1 type:kotlin.coroutines.Continuation<kotlin.Unit>?
              BLOCK_BODY
                RETURN type=kotlin.Nothing from='public final fun invoke (p1: kotlinx.coroutines.CoroutineScope, p2: kotlin.coroutines.Continuation<kotlin.Unit>?): kotlin.Any? declared in com.luna.flows.MainActivity.onCreate.<no name provided>'
                  CALL 'public final fun invokeSuspend ($result: kotlin.Result<kotlin.Any?>): kotlin.Any? declared in com.luna.flows.MainActivity.onCreate.<no name provided>' type=kotlin.Any? origin=null
                    $this: TYPE_OP type=com.luna.flows.MainActivity.onCreate.<no name provided> origin=IMPLICIT_CAST typeOperand=com.luna.flows.MainActivity.onCreate.<no name provided>
                      CALL 'public final fun create (value: kotlin.Any?, $completion: kotlin.coroutines.Continuation<kotlin.Nothing>): kotlin.coroutines.Continuation<kotlin.Unit> declared in com.luna.flows.MainActivity.onCreate.<no name provided>' type=kotlin.coroutines.Continuation<kotlin.Unit> origin=null
                        $this: GET_VAR '<this>: com.luna.flows.MainActivity.onCreate.<no name provided> declared in com.luna.flows.MainActivity.onCreate.<no name provided>.invoke' type=com.luna.flows.MainActivity.onCreate.<no name provided> origin=null
                        value: GET_VAR 'p1: kotlinx.coroutines.CoroutineScope declared in com.luna.flows.MainActivity.onCreate.<no name provided>.invoke' type=kotlinx.coroutines.CoroutineScope origin=null
                        $completion: GET_VAR 'p2: kotlin.coroutines.Continuation<kotlin.Unit>? declared in com.luna.flows.MainActivity.onCreate.<no name provided>.invoke' type=kotlin.coroutines.Continuation<kotlin.Unit>? origin=null
                    $result: CALL 'public final fun <unsafe-coerce> <T, R> (v: T of kotlin.jvm.internal.<unsafe-coerce>): R of kotlin.jvm.internal.<unsafe-coerce> declared in kotlin.jvm.internal' type=kotlin.Result<kotlin.Any?> origin=null
                      <T>: kotlin.Any?
                      <R>: kotlin.Result<kotlin.Any?>
                      v: GET_FIELD 'FIELD FIELD_FOR_OBJECT_INSTANCE name:INSTANCE type:kotlin.Unit visibility:public [final,static] declared in kotlin.Unit' type=kotlin.Unit origin=null
            FIELD FIELD_FOR_CAPTURED_VALUE name:this$0 type:com.luna.flows.MainActivity visibility:public/*package*/ [final]
            FUN BRIDGE name:invoke visibility:public modality:OPEN <> ($this:com.luna.flows.MainActivity.onCreate.<no name provided>, p1:kotlin.Any?, p2:kotlin.Any?) returnType:kotlin.Any?
              $this: VALUE_PARAMETER INSTANCE_RECEIVER name:<this> type:com.luna.flows.MainActivity.onCreate.<no name provided>
              VALUE_PARAMETER BRIDGE name:p1 index:0 type:kotlin.Any?
              VALUE_PARAMETER BRIDGE name:p2 index:1 type:kotlin.Any?
              EXPRESSION_BODY
                RETURN type=kotlin.Nothing from='public open fun invoke (p1: kotlin.Any?, p2: kotlin.Any?): kotlin.Any? declared in com.luna.flows.MainActivity.onCreate.<no name provided>'
                  CALL 'public final fun invoke (p1: kotlinx.coroutines.CoroutineScope, p2: kotlin.coroutines.Continuation<kotlin.Unit>?): kotlin.Any? declared in com.luna.flows.MainActivity.onCreate.<no name provided>' type=kotlin.Any? origin=BRIDGE_DELEGATION
                    $this: GET_VAR '<this>: com.luna.flows.MainActivity.onCreate.<no name provided> declared in com.luna.flows.MainActivity.onCreate.<no name provided>.invoke' type=com.luna.flows.MainActivity.onCreate.<no name provided> origin=null
                    p1: TYPE_OP type=kotlinx.coroutines.CoroutineScope origin=IMPLICIT_CAST typeOperand=kotlinx.coroutines.CoroutineScope
                      GET_VAR 'p1: kotlin.Any? declared in com.luna.flows.MainActivity.onCreate.<no name provided>.invoke' type=kotlin.Any? origin=null
                    p2: TYPE_OP type=kotlin.coroutines.Continuation<*> origin=IMPLICIT_CAST typeOperand=kotlin.coroutines.Continuation<*>
                      GET_VAR 'p2: kotlin.Any? declared in com.luna.flows.MainActivity.onCreate.<no name provided>.invoke' type=kotlin.Any? origin=null
          CONSTRUCTOR_CALL 'public/*package*/ constructor <init> (this$0: com.luna.flows.MainActivity, $completion: kotlin.coroutines.Continuation<com.luna.flows.MainActivity.onCreate.<no name provided>>?) [primary] declared in com.luna.flows.MainActivity.onCreate.<no name provided>' type=com.luna.flows.MainActivity.onCreate.<no name provided> origin=null
            this$0: GET_VAR '<this>: com.luna.flows.MainActivity declared in com.luna.flows.MainActivity.onCreate' type=com.luna.flows.MainActivity origin=null
            $completion: CONST Null type=kotlin.Nothing? value=null
        $mask0: CONST Int type=kotlin.Int value=3
        $handler: CONST Null type=kotlin.Any? value=null
      COMPOSITE type=kotlin.Unit origin=null

	at org.jetbrains.kotlin.backend.jvm.codegen.FunctionCodegen.generate(FunctionCodegen.kt:47)
	at org.jetbrains.kotlin.backend.jvm.codegen.FunctionCodegen.generate$default(FunctionCodegen.kt:40)
	at org.jetbrains.kotlin.backend.jvm.codegen.ClassCodegen.generateMethodNode(ClassCodegen.kt:406)
	at org.jetbrains.kotlin.backend.jvm.codegen.ClassCodegen.generateMethod(ClassCodegen.kt:423)
	at org.jetbrains.kotlin.backend.jvm.codegen.ClassCodegen.generate(ClassCodegen.kt:168)
	at org.jetbrains.kotlin.backend.jvm.FileCodegen.lower(JvmPhases.kt:39)
	at org.jetbrains.kotlin.backend.common.phaser.PhaseFactoriesKt.createFilePhase$lambda$4(PhaseFactories.kt:71)
	at org.jetbrains.kotlin.backend.common.phaser.PhaseBuildersKt$createSimpleNamedCompilerPhase$1.phaseBody(PhaseBuilders.kt:69)
	at org.jetbrains.kotlin.backend.common.phaser.SimpleNamedCompilerPhase.phaseBody(CompilerPhase.kt:226)
	at org.jetbrains.kotlin.backend.common.phaser.AbstractNamedCompilerPhase.invoke(CompilerPhase.kt:113)
	at org.jetbrains.kotlin.backend.common.phaser.PerformByIrFilePhase.invokeSequential(performByIrFile.kt:62)
	... 44 more
Caused by: java.lang.RuntimeException: Exception while generating code for:
FUN INLINE_LAMBDA name:onCreate$lambda$1 visibility:private modality:FINAL <> ($receiver:com.luna.flows.databinding.ActivityMainBinding) returnType:kotlin.Unit
  $receiver: VALUE_PARAMETER name:$this$with type:com.luna.flows.databinding.ActivityMainBinding
  BLOCK_BODY
    VAR name:$i$a$-with-MainActivity$onCreate$1 type:kotlin.Int [val]
      CONST Int type=kotlin.Int value=0
    CALL 'public open fun setTextAlignment (p0: kotlin.Int): kotlin.Unit [fake_override] declared in android.widget.TextView' type=kotlin.Unit origin=EQ
      $this: GET_FIELD 'FIELD IR_EXTERNAL_JAVA_DECLARATION_STUB name:textView type:@[EnhancedNullability] android.widget.TextView visibility:public [final] declared in com.luna.flows.databinding.ActivityMainBinding' type=@[EnhancedNullability] android.widget.TextView superQualifierSymbol=com.luna.flows.databinding.ActivityMainBinding origin=null
        receiver: GET_VAR '$this$with: com.luna.flows.databinding.ActivityMainBinding declared in com.luna.flows.MainActivity.onCreate$lambda$1' type=com.luna.flows.databinding.ActivityMainBinding origin=null
      p0: CONST Int type=kotlin.Int value=4
    CALL 'public open fun setLayoutParams (p0: @[FlexibleNullability] android.view.ViewGroup.LayoutParams?): kotlin.Unit [fake_override] declared in android.widget.TextView' type=kotlin.Unit origin=EQ
      $this: GET_FIELD 'FIELD IR_EXTERNAL_JAVA_DECLARATION_STUB name:textView type:@[EnhancedNullability] android.widget.TextView visibility:public [final] declared in com.luna.flows.databinding.ActivityMainBinding' type=@[EnhancedNullability] android.widget.TextView superQualifierSymbol=com.luna.flows.databinding.ActivityMainBinding origin=null
        receiver: GET_VAR '$this$with: com.luna.flows.databinding.ActivityMainBinding declared in com.luna.flows.MainActivity.onCreate$lambda$1' type=com.luna.flows.databinding.ActivityMainBinding origin=null
      p0: CALL 'public final fun apply <T> (block: @[ExtensionFunctionType] kotlin.Function1<T of kotlin.StandardKt.apply, kotlin.Unit>): T of kotlin.StandardKt.apply [inline] declared in kotlin.StandardKt' type=@[FlexibleNullability] android.view.ViewGroup.LayoutParams? origin=null
        <T>: @[FlexibleNullability] android.view.ViewGroup.LayoutParams?
        $receiver: CALL 'public open fun getLayoutParams (): @[FlexibleNullability] android.view.ViewGroup.LayoutParams? [fake_override] declared in android.widget.TextView' type=@[FlexibleNullability] android.view.ViewGroup.LayoutParams? origin=GET_PROPERTY
          $this: GET_FIELD 'FIELD IR_EXTERNAL_JAVA_DECLARATION_STUB name:textView type:@[EnhancedNullability] android.widget.TextView visibility:public [final] declared in com.luna.flows.databinding.ActivityMainBinding' type=@[EnhancedNullability] android.widget.TextView superQualifierSymbol=com.luna.flows.databinding.ActivityMainBinding origin=null
            receiver: GET_VAR '$this$with: com.luna.flows.databinding.ActivityMainBinding declared in com.luna.flows.MainActivity.onCreate$lambda$1' type=com.luna.flows.databinding.ActivityMainBinding origin=null
        block: BLOCK type=@[ExtensionFunctionType] kotlin.Function1<@[FlexibleNullability] android.view.ViewGroup.LayoutParams?, kotlin.Unit> origin=LAMBDA
          COMPOSITE type=kotlin.Unit origin=null
          FUNCTION_REFERENCE 'private final fun onCreate$lambda$1$lambda$0 (): kotlin.Unit declared in com.luna.flows.MainActivity' type=@[ExtensionFunctionType] kotlin.Function1<@[FlexibleNullability] android.view.ViewGroup.LayoutParams?, kotlin.Unit> origin=INLINE_LAMBDA reflectionTarget=null

	at org.jetbrains.kotlin.backend.jvm.codegen.FunctionCodegen.generate(FunctionCodegen.kt:47)
	at org.jetbrains.kotlin.backend.jvm.codegen.IrSourceCompilerForInline.generateLambdaBody(IrSourceCompilerForInline.kt:67)
	at org.jetbrains.kotlin.codegen.inline.ExpressionLambda.generateLambdaBody(LambdaInfo.kt:72)
	at org.jetbrains.kotlin.backend.jvm.codegen.IrInlineCodegen.genValueAndPut(IrInlineCodegen.kt:100)
	at org.jetbrains.kotlin.backend.jvm.codegen.ExpressionCodegen.visitCall$handleParameter(ExpressionCodegen.kt:616)
	at org.jetbrains.kotlin.backend.jvm.codegen.ExpressionCodegen.visitCall(ExpressionCodegen.kt:644)
	at org.jetbrains.kotlin.backend.jvm.codegen.ExpressionCodegen.visitCall(ExpressionCodegen.kt:138)
	at org.jetbrains.kotlin.ir.expressions.IrCall.accept(IrCall.kt:24)
	at org.jetbrains.kotlin.backend.jvm.codegen.ExpressionCodegen.visitStatementContainer(ExpressionCodegen.kt:579)
	at org.jetbrains.kotlin.backend.jvm.codegen.ExpressionCodegen.visitBlockBody(ExpressionCodegen.kt:584)
	at org.jetbrains.kotlin.backend.jvm.codegen.ExpressionCodegen.visitBlockBody(ExpressionCodegen.kt:138)
	at org.jetbrains.kotlin.ir.expressions.IrBlockBody.accept(IrBlockBody.kt:20)
	at org.jetbrains.kotlin.backend.jvm.codegen.ExpressionCodegen.generate(ExpressionCodegen.kt:240)
	at org.jetbrains.kotlin.backend.jvm.codegen.FunctionCodegen.doGenerate(FunctionCodegen.kt:123)
	at org.jetbrains.kotlin.backend.jvm.codegen.FunctionCodegen.generate(FunctionCodegen.kt:44)
	... 54 more
Caused by: java.lang.RuntimeException: Exception while generating code for:
FUN INLINE_LAMBDA name:onCreate$lambda$1$lambda$0 visibility:private modality:FINAL <> ($receiver:@[FlexibleNullability] android.view.ViewGroup.LayoutParams?) returnType:kotlin.Unit
  $receiver: VALUE_PARAMETER name:$this$apply type:@[FlexibleNullability] android.view.ViewGroup.LayoutParams?
  BLOCK_BODY
    VAR name:$i$a$-apply-MainActivity$onCreate$1$1 type:kotlin.Int [val]
      CONST Int type=kotlin.Int value=0
    SET_FIELD 'FIELD IR_EXTERNAL_JAVA_DECLARATION_STUB name:gravity type:kotlin.Int visibility:public [final,static] declared in android.R.attr' type=kotlin.Unit superQualifierSymbol=android.R.attr origin=EQ
      value: CONST Int type=kotlin.Int value=17

	at org.jetbrains.kotlin.backend.jvm.codegen.FunctionCodegen.generate(FunctionCodegen.kt:47)
	at org.jetbrains.kotlin.backend.jvm.codegen.IrSourceCompilerForInline.generateLambdaBody(IrSourceCompilerForInline.kt:67)
	at org.jetbrains.kotlin.codegen.inline.ExpressionLambda.generateLambdaBody(LambdaInfo.kt:72)
	at org.jetbrains.kotlin.backend.jvm.codegen.IrInlineCodegen.genValueAndPut(IrInlineCodegen.kt:100)
	at org.jetbrains.kotlin.backend.jvm.codegen.ExpressionCodegen.visitCall$handleParameter(ExpressionCodegen.kt:616)
	at org.jetbrains.kotlin.backend.jvm.codegen.ExpressionCodegen.visitCall(ExpressionCodegen.kt:644)
	at org.jetbrains.kotlin.backend.jvm.codegen.ExpressionCodegen.visitCall(ExpressionCodegen.kt:138)
	at org.jetbrains.kotlin.ir.expressions.IrCall.accept(IrCall.kt:24)
	at org.jetbrains.kotlin.backend.jvm.codegen.ExpressionCodegen.gen(ExpressionCodegen.kt:217)
	at org.jetbrains.kotlin.backend.jvm.codegen.IrCallGenerator.genValueAndPut(IrCallGenerator.kt:48)
	at org.jetbrains.kotlin.backend.jvm.codegen.ExpressionCodegen.visitCall$handleParameter(ExpressionCodegen.kt:616)
	at org.jetbrains.kotlin.backend.jvm.codegen.ExpressionCodegen.visitCall(ExpressionCodegen.kt:644)
	at org.jetbrains.kotlin.backend.jvm.codegen.ExpressionCodegen.visitCall(ExpressionCodegen.kt:138)
	at org.jetbrains.kotlin.ir.expressions.IrCall.accept(IrCall.kt:24)
	at org.jetbrains.kotlin.backend.jvm.codegen.ExpressionCodegen.visitStatementContainer(ExpressionCodegen.kt:579)
	at org.jetbrains.kotlin.backend.jvm.codegen.ExpressionCodegen.visitBlockBody(ExpressionCodegen.kt:584)
	at org.jetbrains.kotlin.backend.jvm.codegen.ExpressionCodegen.visitBlockBody(ExpressionCodegen.kt:138)
	at org.jetbrains.kotlin.ir.expressions.IrBlockBody.accept(IrBlockBody.kt:20)
	at org.jetbrains.kotlin.backend.jvm.codegen.ExpressionCodegen.generate(ExpressionCodegen.kt:240)
	at org.jetbrains.kotlin.backend.jvm.codegen.FunctionCodegen.doGenerate(FunctionCodegen.kt:123)
	at org.jetbrains.kotlin.backend.jvm.codegen.FunctionCodegen.generate(FunctionCodegen.kt:44)
	... 68 more
Caused by: java.lang.AssertionError: access of const val: SET_FIELD 'FIELD IR_EXTERNAL_JAVA_DECLARATION_STUB name:gravity type:kotlin.Int visibility:public [final,static] declared in android.R.attr' type=kotlin.Unit superQualifierSymbol=android.R.attr origin=EQ
  value: CONST Int type=kotlin.Int value=17

	at org.jetbrains.kotlin.backend.jvm.codegen.ExpressionCodegen.visitFieldAccess(ExpressionCodegen.kt:861)
	at org.jetbrains.kotlin.backend.jvm.codegen.ExpressionCodegen.visitFieldAccess(ExpressionCodegen.kt:138)
	at org.jetbrains.kotlin.ir.visitors.IrElementVisitor$DefaultImpls.visitSetField(IrElementVisitor.kt:206)
	at org.jetbrains.kotlin.backend.jvm.codegen.ExpressionCodegen.visitSetField(ExpressionCodegen.kt:908)
	at org.jetbrains.kotlin.backend.jvm.codegen.ExpressionCodegen.visitSetField(ExpressionCodegen.kt:138)
	at org.jetbrains.kotlin.ir.expressions.IrSetField.accept(IrSetField.kt:21)
	at org.jetbrains.kotlin.backend.jvm.codegen.ExpressionCodegen.visitStatementContainer(ExpressionCodegen.kt:579)
	at org.jetbrains.kotlin.backend.jvm.codegen.ExpressionCodegen.visitBlockBody(ExpressionCodegen.kt:584)
	at org.jetbrains.kotlin.backend.jvm.codegen.ExpressionCodegen.visitBlockBody(ExpressionCodegen.kt:138)
	at org.jetbrains.kotlin.ir.expressions.IrBlockBody.accept(IrBlockBody.kt:20)
	at org.jetbrains.kotlin.backend.jvm.codegen.ExpressionCodegen.generate(ExpressionCodegen.kt:240)
	at org.jetbrains.kotlin.backend.jvm.codegen.FunctionCodegen.doGenerate(FunctionCodegen.kt:123)
	at org.jetbrains.kotlin.backend.jvm.codegen.FunctionCodegen.generate(FunctionCodegen.kt:44)
	... 88 more


